<?xml version="1.0" encoding="UTF-8"?>
<!-- Generated by org.testng.reporters.JUnitReportReporter -->
<testsuite hostname="Neo" failures="0" tests="3" name="testCases.TC001_Text_Box_Handling" time="2.609" errors="0" timestamp="2025-09-06T16:03:17 IST" skipped="0">
  <testcase classname="testCases.TC001_Text_Box_Handling" name="text_box_handling" time="0.886"/>
  <testcase classname="testCases.TC001_Text_Box_Handling" name="text_box_handling" time="0.682"/>
  <testcase classname="testCases.TC001_Text_Box_Handling" name="text_box_handling" time="1.041"/>
</testsuite> <!-- testCases.TC001_Text_Box_Handling -->
