<?xml version="1.0" encoding="UTF-8"?>
<!-- Generated by org.testng.reporters.JUnitReportReporter -->
<testsuite hostname="Neo" failures="0" tests="5" name="testCases.TC002_Data_Driven_Test" time="49.414" errors="0" timestamp="2025-09-06T16:03:17 IST" skipped="0">
  <testcase classname="testCases.TC002_Data_Driven_Test" name="register_test2" time="28.646"/>
  <testcase classname="testCases.TC002_Data_Driven_Test" name="register_test2" time="6.297"/>
  <testcase classname="testCases.TC002_Data_Driven_Test" name="register_test2" time="4.822"/>
  <testcase classname="testCases.TC002_Data_Driven_Test" name="register_test2" time="4.680"/>
  <testcase classname="testCases.TC002_Data_Driven_Test" name="register_test2" time="4.969"/>
</testsuite> <!-- testCases.TC002_Data_Driven_Test -->
