<?xml version="1.0" encoding="UTF-8"?>
<!-- Generated by org.testng.reporters.JUnitReportReporter -->
<testsuite hostname="Neo" failures="0" tests="1" name="utilities.DataProviderClass" time="0.657" errors="0" timestamp="2025-09-06T15:03:58 IST" skipped="0">
  <testcase classname="utilities.DataProviderClass" name="getData" time="0.657"/>
</testsuite> <!-- utilities.DataProviderClass -->
