<?xml version="1.0" encoding="UTF-8"?>
<!-- Generated by org.testng.reporters.JUnitReportReporter -->
<testsuite hostname="Neo" failures="0" tests="5" name="testCases.TC002_Data_Driven_Test" time="144.562" errors="0" timestamp="2025-09-06T16:16:53 IST" skipped="0">
  <testcase classname="testCases.TC002_Data_Driven_Test" name="register_test2" time="32.867"/>
  <testcase classname="testCases.TC002_Data_Driven_Test" name="register_test2" time="52.576"/>
  <testcase classname="testCases.TC002_Data_Driven_Test" name="register_test2" time="8.033"/>
  <testcase classname="testCases.TC002_Data_Driven_Test" name="register_test2" time="23.874"/>
  <testcase classname="testCases.TC002_Data_Driven_Test" name="register_test2" time="27.212"/>
</testsuite> <!-- testCases.TC002_Data_Driven_Test -->
