<?xml version="1.0" encoding="UTF-8"?>
<!-- Generated by org.testng.reporters.JUnitReportReporter -->
<testsuite hostname="Neo" failures="0" tests="3" name="testCases.TC001_Text_Box_Handling" time="3.190" errors="0" timestamp="2025-09-06T16:16:53 IST" skipped="0">
  <testcase classname="testCases.TC001_Text_Box_Handling" name="text_box_handling" time="0.853"/>
  <testcase classname="testCases.TC001_Text_Box_Handling" name="text_box_handling" time="0.892"/>
  <testcase classname="testCases.TC001_Text_Box_Handling" name="text_box_handling" time="1.445"/>
</testsuite> <!-- testCases.TC001_Text_Box_Handling -->
